<?xml version="1.0" encoding="UTF-8"?>
<!-- Generated by org.testng.reporters.JUnitReportReporter -->
<testsuite hostname="DESKTOP-LRO9C4E" failures="0" tests="4" name="com.amazon.tests.HomePageTest" time="1.497" errors="0" timestamp="2024-10-11T16:00:07 IST" skipped="0">
  <testcase classname="com.amazon.tests.HomePageTest" name="listAllDropdownOptions" time="0.912"/>
  <testcase classname="com.amazon.tests.HomePageTest" name="selectAmazonFreshMeat" time="0.204"/>
  <testcase classname="com.amazon.tests.HomePageTest" name="selectByIndex" time="0.201"/>
  <testcase classname="com.amazon.tests.HomePageTest" name="selectByVisibleText" time="0.180"/>
</testsuite> <!-- com.amazon.tests.HomePageTest -->
